<?xml version="1.0" encoding="UTF-8"?>
<testng-results skipped="0" failed="0" total="2" passed="2">
  <reporter-output>
  </reporter-output>
  <suite name="Default suite" duration-ms="19473" started-at="2016-12-29T10:51:06Z" finished-at="2016-12-29T10:51:25Z">
    <groups>
    </groups>
    <test name="Default test" duration-ms="19473" started-at="2016-12-29T10:51:06Z" finished-at="2016-12-29T10:51:25Z">
      <class name="GmailSignInTest">
        <test-method status="PASS" signature="gmailLoginSuccessful()[pri:0, instance:GmailSignInTest@490ab905]" name="gmailLoginSuccessful" duration-ms="8969" started-at="2016-12-29T11:51:06Z" finished-at="2016-12-29T11:51:15Z">
          <reporter-output>
          </reporter-output>
        </test-method> <!-- gmailLoginSuccessful -->
        <test-method status="PASS" signature="tearDown()[pri:0, instance:GmailSignInTest@490ab905]" name="tearDown" is-config="true" duration-ms="76" started-at="2016-12-29T11:51:15Z" finished-at="2016-12-29T11:51:15Z">
          <reporter-output>
          </reporter-output>
        </test-method> <!-- tearDown -->
        <test-method status="PASS" signature="gmailSendAndReceiveEmailTest()[pri:0, instance:GmailSignInTest@490ab905]" name="gmailSendAndReceiveEmailTest" duration-ms="10337" started-at="2016-12-29T11:51:15Z" depends-on-methods="GmailSignInTest.gmailLoginSuccessful" finished-at="2016-12-29T11:51:25Z">
          <reporter-output>
          </reporter-output>
        </test-method> <!-- gmailSendAndReceiveEmailTest -->
        <test-method status="PASS" signature="tearDown()[pri:0, instance:GmailSignInTest@490ab905]" name="tearDown" is-config="true" duration-ms="75" started-at="2016-12-29T11:51:25Z" finished-at="2016-12-29T11:51:25Z">
          <reporter-output>
          </reporter-output>
        </test-method> <!-- tearDown -->
      </class> <!-- GmailSignInTest -->
    </test> <!-- Default test -->
  </suite> <!-- Default suite -->
</testng-results>
