<?xml version="1.0" encoding="UTF-8"?>
<testng-results skipped="0" failed="0" total="1" passed="1">
  <reporter-output>
  </reporter-output>
  <suite name="Default suite" duration-ms="8917" started-at="2016-12-28T11:46:50Z" finished-at="2016-12-28T11:46:59Z">
    <groups>
    </groups>
    <test name="Default test" duration-ms="8917" started-at="2016-12-28T11:46:50Z" finished-at="2016-12-28T11:46:59Z">
      <class name="GmailSignInTest">
        <test-method status="PASS" signature="gmailLoginSuccessful()[pri:0, instance:GmailSignInTest@464bee09]" name="gmailLoginSuccessful" duration-ms="8903" started-at="2016-12-28T12:46:50Z" finished-at="2016-12-28T12:46:59Z">
          <reporter-output>
          </reporter-output>
        </test-method> <!-- gmailLoginSuccessful -->
      </class> <!-- GmailSignInTest -->
    </test> <!-- Default test -->
  </suite> <!-- Default suite -->
</testng-results>
